[16:36:32] [Render thread/INFO] [JMLogger] JourneyMap log initialized.
[16:36:32] [Render thread/INFO] [JourneymapClient] initialize ENTER
[16:36:32] [Render thread/INFO] [ClientAPI] [ClientAPI] built with JourneyMap API 1.9-SNAPSHOT
[16:36:32] [Render thread/INFO] [PluginHelper] Initializing plugins with Client API: journeymap.client.api.impl.ClientAPI
[16:36:32] [Render thread/INFO] [PluginHelper] Initialized IClientPlugin: com.anthonyhilyard.merchantmarkers.compat.JourneymapHandler
[16:36:32] [Render thread/INFO] [PluginHelper] Initialized IClientPlugin: com.railwayteam.railways.compat.journeymap.RailwayMapPlugin
[16:36:32] [Render thread/INFO] [PluginHelper] Initialized IClientPlugin: frankv.jmi.JMIJourneyMapPlugin
[16:36:32] [Render thread/INFO] [?] Version: JourneyMap 1.19.2-5.9.7, built with forge 1.19.2-43.2.0
forge: 43.2.8
Environment: os.name, os.arch, java.version, user.country, user.language=null, game language=en_us, locale=en_us
Features: 
	RadarPlayers : singleplayer = true , multiplayer = true
	RadarAnimals : singleplayer = true , multiplayer = true
	RadarMobs : singleplayer = true , multiplayer = true
	RadarVillagers : singleplayer = true , multiplayer = true
	MapTopo : singleplayer = true , multiplayer = true
	MapSurface : singleplayer = true , multiplayer = true
	MapCaves : singleplayer = true , multiplayer = true
	MapBiome : singleplayer = true , multiplayer = true
MiniMapProperties{state=Valid, file=journeymap.minimap.config, configVersion=5.9.7, zoomLevel=2, compassFontScale=1.5, terrainAlpha=100, showEntityNames=true, positionX=0.9, positionY=0.25, effectVertical=false, showPlayerHeading=true, sizePercent=22, playerDisplayScale=1.0, showDayNight=true, showPets=true, preferredMapType=day, showCompass=true, mobDisplay=jm.common.entity_display.icons, systemTimeRealFormat=HH:mm:ss, shape=jm.minimap.shape_rectangle, showSelf=true, selfDisplayScale=1.0, showGrid=true, reticleOrientation=jm.minimap.orientation.compass, gameTimeRealFormat=HH:mm:ss, effectTranslateX=0, showWaypoints=true, minimapKeyMovementSpeed=0.001, showAnimals=true, infoSlotAlpha=0.7, effectTranslateY=0, showWaypointLabels=true, moveEffectIcons=true, position=jm.minimap.position_topright, fontScale=2.58, showPlayers=true, waypointIconScale=1.0, frameAlpha=100, effectReversed=false, backgroundAlpha=0.8, enabled=true, showVillagers=true, info2Label=jm.theme.labelsource.gametime, info3Label=jm.theme.labelsource.location, showMobs=true, waypointLabelScale=1.0, showReticle=true, orientation=jm.minimap.orientation.north, info4Label=jm.theme.labelsource.fps, locationFormat=xzyv, playerDisplay=jm.common.entity_display.icons, mobDisplayScale=1.0, showCaves=true, showMobHeading=true, locationFormatVerbose=true, info1Label=jm.theme.labelsource.realtime}
MiniMapProperties{state=Valid, file=journeymap.minimap2.config, configVersion=5.9.7, zoomLevel=0, compassFontScale=1.0, terrainAlpha=100, showEntityNames=true, positionX=0.9, positionY=0.25, effectVertical=false, showPlayerHeading=true, sizePercent=30, playerDisplayScale=1.0, showDayNight=true, showPets=true, preferredMapType=day, showCompass=true, mobDisplay=jm.common.entity_display.dots, systemTimeRealFormat=HH:mm:ss, shape=jm.minimap.shape_rectangle, showSelf=true, selfDisplayScale=1.0, showGrid=true, reticleOrientation=jm.minimap.orientation.compass, gameTimeRealFormat=HH:mm:ss, effectTranslateX=0, showWaypoints=true, minimapKeyMovementSpeed=0.001, showAnimals=true, infoSlotAlpha=0.7, effectTranslateY=0, showWaypointLabels=true, moveEffectIcons=true, position=jm.minimap.position_topright, fontScale=1.0, showPlayers=true, waypointIconScale=1.0, frameAlpha=100, effectReversed=false, backgroundAlpha=0.8, enabled=true, showVillagers=true, info2Label=jm.theme.labelsource.gametime, info3Label=jm.theme.labelsource.location, showMobs=true, waypointLabelScale=1.0, showReticle=true, orientation=jm.minimap.orientation.north, info4Label=jm.theme.labelsource.biome, locationFormat=xzyv, playerDisplay=jm.common.entity_display.dots, mobDisplayScale=1.0, showCaves=true, showMobHeading=true, locationFormatVerbose=true, info1Label=jm.theme.labelsource.blank}
FullMapProperties{state=Valid, file=journeymap.fullmap.config, configVersion=5.9.7, zoomLevel=4, showPlayers=true, waypointIconScale=1.0, showEntityNames=true, showPlayerHeading=true, showVillagers=true, showPlayerLoc=true, showKeys=true, playerDisplayScale=1.0, showMobs=true, showPets=true, waypointLabelScale=1.0, preferredMapType=day, mobDisplay=jm.common.entity_display.dots, showSelf=true, locationFormat=xzyv, playerDisplay=jm.common.entity_display.dots, mobDisplayScale=1.0, selfDisplayScale=1.0, showGrid=true, showMouseLoc=true, showWaypoints=true, showCaves=true, showAnimals=true, dragScale=1, showMobHeading=true, showWaypointLabels=true, locationFormatVerbose=true, fontScale=1.0}
WaypointProperties{state=Valid, file=journeymap.waypoint.config, configVersion=5.9.7, autoRemoveDeathpointDistance=2, dateFormat=MM-dd-yyyy, autoRemoveDeathpoints=false, fullscreenDoubleClickToCreate=true, managerDimensionFocus=false, minDistance=4, boldLabel=false, textureSmall=true, showDeathpointlabel=true, beaconEnabled=true, createDeathpoints=true, showName=true, disableStrikeThrough=false, maxDistance=0, autoHideLabel=true, autoRemoveTempWaypoints=2, teleportCommand=/tp {name} {x} {y} {z}, showStaticBeam=true, shaderBeacon=false, timeFormat=HH:mm:ss, showDeviationLabel=false, showDistance=true, showRotatingBeam=true, fontScale=2.0, showTexture=true, managerEnabled=true}
WebMapProperties{state=Valid, file=journeymap.webmap.config, configVersion=5.9.7, port=8080, enabled=false}
CoreProperties{state=Valid, file=journeymap.core.config, configVersion=5.9.7, verboseColorPalette=false, maxPlayersData=32, mapSurfaceAboveCaves=true, dataCachingEnabled=true, optionsManagerViewed=5.9.7, announceMod=true, colorPassive=#bbbbbb, mapBlendWater=false, renderDistanceSurfaceMax=0, seedId=false, radarVerticalDistance=16, mapBlendGrass=true, recordCacheStats=false, hideSneakingEntities=true, revealShape=jm.minimap.shape_circle, mapBiome=true, alwaysMapSurface=false, colorVillager=#88e188, mapPlants=false, colorPet=#0077ff, radarLateralDistance=64, mapBathymetry=false, mapCrops=true, maxMobsData=32, mapPlantShadows=false, alwaysMapCaves=false, checkUpdates=true, mapBlendFoliage=true, hideSpectators=false, mappingEnabled=true, colorPlayer=#ffffff, tileHighDisplayQuality=true, cacheVillagersData=2200, logLevel=INFO, maxVillagersData=32, mapWaterBiomeColors=false, maxAnimalsData=32, mapTransparency=true, caveBlackAsClear=false, tileRenderType=1, caveIgnoreGlass=true, mapTopography=true, renderDistanceCaveMax=0, mapAntialiasing=true, colorSelf=#0000ff, cachePlayersData=2000, cacheMobsData=3000, cachePlayerData=1000, splashViewed=5.9.7, colorHostile=#ff0000, cacheAnimalsData=3100, themeName=ForestMansion, mapCaveLighting=true, renderDelay=2, glErrorChecking=false, autoMapPoll=2000}
[16:36:33] [Render thread/INFO] [JourneymapClient] initialize EXIT, elapsed count 1 avg 491.53ms
[16:36:51] [Render thread/INFO] [JourneymapClient] Journeymap PostInit
[16:36:51] [Render thread/ERROR] [FileHandler] Couldn't locate icons for flat: C:\Users\akhen\Documents\Curse\Minecraft\Instances\OPSkies%202%20(1)\mods\journeymap-1.19.2-5.9.7-forge.jar\assets\journeymap\theme\flat
[16:36:51] [Render thread/INFO] [ThemeLoader] Preloaded theme textures: 0
[16:36:51] [Render thread/INFO] [JourneymapClient] postInitialize EXIT, elapsed count 1 avg 23.19ms
[16:39:29] [Server thread/INFO] [ForgeConfig] Loading JourneyMap Forge Configs
[16:39:29] [Thread-0/INFO] [ForgeConfig] Loading JourneyMap Forge Configs
[16:39:29] [Thread-0/INFO] [ForgeConfig] Loading JourneyMap Forge Configs
[16:40:54] [Render thread/INFO] [ModBlockDelegate] Custom modded block handling enabled for create
[16:40:54] [Render thread/WARN] [JMLogger] Can't get entityTexture for ars_nouveau:textures/entity_icon/starbuncle_blue.png
[16:40:54] [Render thread/WARN] [JMLogger] Can't get entityTexture for moremobvariants:textures/entity_icon/pig/spotted.png
[16:40:54] [Render thread/WARN] [JMLogger] Can't get entityTexture for ars_elemental:textures/entity_icon/mermaid_brain.png
[16:40:54] [Render thread/WARN] [JMLogger] Can't get entityTexture for ars_nouveau:textures/entity_icon/starbuncle_magenta.png
[16:40:54] [Render thread/WARN] [JMLogger] Can't get entityTexture for ars_elemental:textures/entity_icon/mermaid_tube.png
[16:40:54] [Render thread/WARN] [JMLogger] Can't get entityTexture for moremobvariants:textures/entity_icon/pig/pink_footed.png
[16:40:55] [Render thread/INFO] [WaypointStore] Loaded 0 waypoints from C:\Users\akhen\Documents\Curse\Minecraft\Instances\OPSkies 2 (1)\journeymap\data\sp\New World\waypoints
[16:40:55] [Render thread/INFO] [JourneymapClient] Mapping started in C:\Users\akhen\Documents\Curse\Minecraft\Instances\OPSkies 2 (1)\journeymap\data\sp\New World\overworld. Memory: 10432MB total, 2056MB free 
[16:40:55] [Render thread/INFO] [ChatLog] JourneyMap: Press [J]
[16:40:57] [JM-task-4/WARN] [BaseRenderer] Bad block at 15,0,6. Total bad blocks: 1
[16:41:50] [Render thread/INFO] [JourneymapClient] Mapping halted in C:\Users\akhen\Documents\Curse\Minecraft\Instances\OPSkies 2 (1)\journeymap\data\mp\offline\minecraft:overworld
